<?xml version="1.0" encoding="UTF-8"?>
<testng-results skipped="0" failed="2" ignored="0" total="11" passed="9">
  <reporter-output>
  </reporter-output>
  <suite name="PageTest" duration-ms="277784" started-at="2020-04-03T13:12:11 CEST" finished-at="2020-04-03T13:16:49 CEST">
    <groups>
    </groups>
    <test name="Page tests" duration-ms="50719" started-at="2020-04-03T13:12:11 CEST" finished-at="2020-04-03T13:13:02 CEST">
      <class name="pagetests.CartTest">
        <test-method status="PASS" signature="setUp()[pri:0, instance:pagetests.CartTest@2a556333]" name="setUp" is-config="true" duration-ms="19174" started-at="2020-04-03T13:12:43 CEST" finished-at="2020-04-03T13:13:02 CEST">
          <reporter-output>
          </reporter-output>
        </test-method> <!-- setUp -->
        <test-method status="PASS" signature="colorTest()[pri:0, instance:pagetests.CartTest@2a556333]" name="colorTest" duration-ms="45" started-at="2020-04-03T13:13:02 CEST" finished-at="2020-04-03T13:13:02 CEST">
          <reporter-output>
          </reporter-output>
        </test-method> <!-- colorTest -->
        <test-method status="PASS" signature="descriptionTest()[pri:0, instance:pagetests.CartTest@2a556333]" name="descriptionTest" duration-ms="35" started-at="2020-04-03T13:13:02 CEST" finished-at="2020-04-03T13:13:02 CEST">
          <reporter-output>
          </reporter-output>
        </test-method> <!-- descriptionTest -->
        <test-method status="PASS" signature="quantityTest()[pri:0, instance:pagetests.CartTest@2a556333]" name="quantityTest" duration-ms="128" started-at="2020-04-03T13:13:02 CEST" finished-at="2020-04-03T13:13:02 CEST">
          <reporter-output>
          </reporter-output>
        </test-method> <!-- quantityTest -->
        <test-method status="PASS" signature="sizeTest()[pri:0, instance:pagetests.CartTest@2a556333]" name="sizeTest" duration-ms="28" started-at="2020-04-03T13:13:02 CEST" finished-at="2020-04-03T13:13:02 CEST">
          <reporter-output>
          </reporter-output>
        </test-method> <!-- sizeTest -->
        <test-method status="PASS" signature="end()[pri:0, instance:pagetests.CartTest@2a556333]" name="end" is-config="true" duration-ms="131" started-at="2020-04-03T13:13:02 CEST" finished-at="2020-04-03T13:13:02 CEST">
          <reporter-output>
          </reporter-output>
        </test-method> <!-- end -->
      </class> <!-- pagetests.CartTest -->
      <class name="pagetests.HomePageTest">
        <test-method status="PASS" signature="setUp()[pri:0, instance:pagetests.HomePageTest@480bdb19]" name="setUp" is-config="true" duration-ms="6004" started-at="2020-04-03T13:12:11 CEST" finished-at="2020-04-03T13:12:17 CEST">
          <reporter-output>
          </reporter-output>
        </test-method> <!-- setUp -->
        <test-method status="PASS" signature="before()[pri:0, instance:pagetests.HomePageTest@480bdb19]" name="before" is-config="true" duration-ms="7956" started-at="2020-04-03T13:12:17 CEST" finished-at="2020-04-03T13:12:25 CEST">
          <reporter-output>
          </reporter-output>
        </test-method> <!-- before -->
        <test-method status="PASS" signature="dressesToSummerDresses()[pri:0, instance:pagetests.HomePageTest@480bdb19]" name="dressesToSummerDresses" duration-ms="3314" started-at="2020-04-03T13:12:25 CEST" finished-at="2020-04-03T13:12:29 CEST">
          <reporter-output>
          </reporter-output>
        </test-method> <!-- dressesToSummerDresses -->
        <test-method status="PASS" signature="before()[pri:0, instance:pagetests.HomePageTest@480bdb19]" name="before" is-config="true" duration-ms="1178" started-at="2020-04-03T13:12:29 CEST" finished-at="2020-04-03T13:12:30 CEST">
          <reporter-output>
          </reporter-output>
        </test-method> <!-- before -->
        <test-method status="PASS" signature="twoMethodsURLTest()[pri:0, instance:pagetests.HomePageTest@480bdb19]" name="twoMethodsURLTest" duration-ms="7001" started-at="2020-04-03T13:12:30 CEST" finished-at="2020-04-03T13:12:37 CEST">
          <reporter-output>
          </reporter-output>
        </test-method> <!-- twoMethodsURLTest -->
        <test-method status="PASS" signature="before()[pri:0, instance:pagetests.HomePageTest@480bdb19]" name="before" is-config="true" duration-ms="1557" started-at="2020-04-03T13:12:37 CEST" finished-at="2020-04-03T13:12:38 CEST">
          <reporter-output>
          </reporter-output>
        </test-method> <!-- before -->
        <test-method status="PASS" signature="womenToSummerDresses()[pri:0, instance:pagetests.HomePageTest@480bdb19]" name="womenToSummerDresses" duration-ms="4001" started-at="2020-04-03T13:12:38 CEST" finished-at="2020-04-03T13:12:42 CEST">
          <reporter-output>
          </reporter-output>
        </test-method> <!-- womenToSummerDresses -->
        <test-method status="PASS" signature="end()[pri:0, instance:pagetests.HomePageTest@480bdb19]" name="end" is-config="true" duration-ms="106" started-at="2020-04-03T13:12:42 CEST" finished-at="2020-04-03T13:12:43 CEST">
          <reporter-output>
          </reporter-output>
        </test-method> <!-- end -->
      </class> <!-- pagetests.HomePageTest -->
    </test> <!-- Page tests -->
    <test name="Create Account Tests" duration-ms="37668" started-at="2020-04-03T13:13:02 CEST" finished-at="2020-04-03T13:13:40 CEST">
      <class name="pagetests.ManualCreateAccountTest">
        <test-method status="PASS" signature="setUp()[pri:0, instance:pagetests.ManualCreateAccountTest@45820e51]" name="setUp" is-config="true" duration-ms="5242" started-at="2020-04-03T13:13:02 CEST" finished-at="2020-04-03T13:13:07 CEST">
          <reporter-output>
          </reporter-output>
        </test-method> <!-- setUp -->
        <test-method status="FAIL" signature="createNewAccountManualally()[pri:0, instance:pagetests.ManualCreateAccountTest@45820e51]" name="createNewAccountManualally" duration-ms="13799" started-at="2020-04-03T13:13:07 CEST" finished-at="2020-04-03T13:13:21 CEST">
          <exception class="org.openqa.selenium.NoSuchElementException">
            <message>
              <![CDATA[no such element: Unable to locate element: {"method":"xpath","selector":"//input[@id='customer_firstname']"}
  (Session info: chrome=80.0.3987.149)
For documentation on this error, please visit: https://www.seleniumhq.org/exceptions/no_such_element.html
Build info: version: '3.141.59', revision: 'e82be7d358', time: '2018-11-14T08:25:48'
System info: host: 'BOJANJOCI', ip: '192.168.1.4', os.name: 'Windows 10', os.arch: 'amd64', os.version: '10.0', java.version: '1.8.0_241'
Driver info: org.openqa.selenium.chrome.ChromeDriver
Capabilities {acceptInsecureCerts: false, browserName: chrome, browserVersion: 80.0.3987.149, chrome: {chromedriverVersion: 80.0.3987.106 (f68069574609..., userDataDir: C:\Users\Bojan\AppData\Loca...}, goog:chromeOptions: {debuggerAddress: localhost:59927}, javascriptEnabled: true, networkConnectionEnabled: false, pageLoadStrategy: normal, platform: WINDOWS, platformName: WINDOWS, proxy: Proxy(), setWindowRect: true, strictFileInteractability: false, timeouts: {implicit: 0, pageLoad: 300000, script: 30000}, unhandledPromptBehavior: dismiss and notify}
Session ID: 4697654145f0470fe9c00dba2104ab57
*** Element info: {Using=xpath, value=//input[@id='customer_firstname']}]]>
            </message>
            <full-stacktrace>
              <![CDATA[org.openqa.selenium.NoSuchElementException: no such element: Unable to locate element: {"method":"xpath","selector":"//input[@id='customer_firstname']"}
  (Session info: chrome=80.0.3987.149)
For documentation on this error, please visit: https://www.seleniumhq.org/exceptions/no_such_element.html
Build info: version: '3.141.59', revision: 'e82be7d358', time: '2018-11-14T08:25:48'
System info: host: 'BOJANJOCI', ip: '192.168.1.4', os.name: 'Windows 10', os.arch: 'amd64', os.version: '10.0', java.version: '1.8.0_241'
Driver info: org.openqa.selenium.chrome.ChromeDriver
Capabilities {acceptInsecureCerts: false, browserName: chrome, browserVersion: 80.0.3987.149, chrome: {chromedriverVersion: 80.0.3987.106 (f68069574609..., userDataDir: C:\Users\Bojan\AppData\Loca...}, goog:chromeOptions: {debuggerAddress: localhost:59927}, javascriptEnabled: true, networkConnectionEnabled: false, pageLoadStrategy: normal, platform: WINDOWS, platformName: WINDOWS, proxy: Proxy(), setWindowRect: true, strictFileInteractability: false, timeouts: {implicit: 0, pageLoad: 300000, script: 30000}, unhandledPromptBehavior: dismiss and notify}
Session ID: 4697654145f0470fe9c00dba2104ab57
*** Element info: {Using=xpath, value=//input[@id='customer_firstname']}
at sun.reflect.NativeConstructorAccessorImpl.newInstance0(Native Method)
at sun.reflect.NativeConstructorAccessorImpl.newInstance(Unknown Source)
at sun.reflect.DelegatingConstructorAccessorImpl.newInstance(Unknown Source)
at java.lang.reflect.Constructor.newInstance(Unknown Source)
at org.openqa.selenium.remote.http.W3CHttpResponseCodec.createException(W3CHttpResponseCodec.java:187)
at org.openqa.selenium.remote.http.W3CHttpResponseCodec.decode(W3CHttpResponseCodec.java:122)
at org.openqa.selenium.remote.http.W3CHttpResponseCodec.decode(W3CHttpResponseCodec.java:49)
at org.openqa.selenium.remote.HttpCommandExecutor.execute(HttpCommandExecutor.java:158)
at org.openqa.selenium.remote.service.DriverCommandExecutor.execute(DriverCommandExecutor.java:83)
at org.openqa.selenium.remote.RemoteWebDriver.execute(RemoteWebDriver.java:552)
at org.openqa.selenium.remote.RemoteWebDriver.findElement(RemoteWebDriver.java:323)
at org.openqa.selenium.remote.RemoteWebDriver.findElementByXPath(RemoteWebDriver.java:428)
at org.openqa.selenium.By$ByXPath.findElement(By.java:353)
at org.openqa.selenium.remote.RemoteWebDriver.findElement(RemoteWebDriver.java:315)
at pageobjects.CreateAccountPo.getFirstName(CreateAccountPo.java:28)
at pageobjects.CreateAccountPo.setFirstName(CreateAccountPo.java:80)
at pageobjects.CreateAccountPo.createAccountManually(CreateAccountPo.java:140)
at pagetests.ManualCreateAccountTest.createNewAccountManualally(ManualCreateAccountTest.java:31)
at sun.reflect.NativeMethodAccessorImpl.invoke0(Native Method)
at sun.reflect.NativeMethodAccessorImpl.invoke(Unknown Source)
at sun.reflect.DelegatingMethodAccessorImpl.invoke(Unknown Source)
at java.lang.reflect.Method.invoke(Unknown Source)
at org.testng.internal.MethodInvocationHelper.invokeMethod(MethodInvocationHelper.java:135)
at org.testng.internal.TestInvoker.invokeMethod(TestInvoker.java:598)
at org.testng.internal.TestInvoker.invokeTestMethod(TestInvoker.java:174)
at org.testng.internal.MethodRunner.runInSequence(MethodRunner.java:46)
at org.testng.internal.TestInvoker$MethodInvocationAgent.invoke(TestInvoker.java:821)
at org.testng.internal.TestInvoker.invokeTestMethods(TestInvoker.java:147)
at org.testng.internal.TestMethodWorker.invokeTestMethods(TestMethodWorker.java:146)
at org.testng.internal.TestMethodWorker.run(TestMethodWorker.java:128)
at java.util.ArrayList.forEach(Unknown Source)
at org.testng.TestRunner.privateRun(TestRunner.java:767)
at org.testng.TestRunner.run(TestRunner.java:588)
at org.testng.SuiteRunner.runTest(SuiteRunner.java:384)
at org.testng.SuiteRunner.runSequentially(SuiteRunner.java:378)
at org.testng.SuiteRunner.privateRun(SuiteRunner.java:337)
at org.testng.SuiteRunner.run(SuiteRunner.java:286)
at org.testng.SuiteRunnerWorker.runSuite(SuiteRunnerWorker.java:53)
at org.testng.SuiteRunnerWorker.run(SuiteRunnerWorker.java:96)
at org.testng.TestNG.runSuitesSequentially(TestNG.java:1214)
at org.testng.TestNG.runSuitesLocally(TestNG.java:1136)
at org.testng.TestNG.runSuites(TestNG.java:1066)
at org.testng.TestNG.run(TestNG.java:1034)
at org.testng.remote.AbstractRemoteTestNG.run(AbstractRemoteTestNG.java:115)
at org.testng.remote.RemoteTestNG.initAndRun(RemoteTestNG.java:251)
at org.testng.remote.RemoteTestNG.main(RemoteTestNG.java:77)
]]>
            </full-stacktrace>
          </exception> <!-- org.openqa.selenium.NoSuchElementException -->
          <reporter-output>
          </reporter-output>
        </test-method> <!-- createNewAccountManualally -->
        <test-method status="PASS" signature="end()[pri:0, instance:pagetests.ManualCreateAccountTest@45820e51]" name="end" is-config="true" duration-ms="120" started-at="2020-04-03T13:13:21 CEST" finished-at="2020-04-03T13:13:21 CEST">
          <reporter-output>
          </reporter-output>
        </test-method> <!-- end -->
      </class> <!-- pagetests.ManualCreateAccountTest -->
      <class name="pagetests.AutomaticCreateAccountTest">
        <test-method status="PASS" signature="setUp()[pri:0, instance:pagetests.AutomaticCreateAccountTest@42d8062c]" name="setUp" is-config="true" duration-ms="5128" started-at="2020-04-03T13:13:21 CEST" finished-at="2020-04-03T13:13:27 CEST">
          <reporter-output>
          </reporter-output>
        </test-method> <!-- setUp -->
        <test-method status="FAIL" signature="createNewAccountAutomatically()[pri:0, instance:pagetests.AutomaticCreateAccountTest@42d8062c]" name="createNewAccountAutomatically" duration-ms="13237" started-at="2020-04-03T13:13:27 CEST" finished-at="2020-04-03T13:13:40 CEST">
          <exception class="org.openqa.selenium.NoSuchElementException">
            <message>
              <![CDATA[no such element: Unable to locate element: {"method":"xpath","selector":"//input[@id='customer_firstname']"}
  (Session info: chrome=80.0.3987.149)
For documentation on this error, please visit: https://www.seleniumhq.org/exceptions/no_such_element.html
Build info: version: '3.141.59', revision: 'e82be7d358', time: '2018-11-14T08:25:48'
System info: host: 'BOJANJOCI', ip: '192.168.1.4', os.name: 'Windows 10', os.arch: 'amd64', os.version: '10.0', java.version: '1.8.0_241'
Driver info: org.openqa.selenium.chrome.ChromeDriver
Capabilities {acceptInsecureCerts: false, browserName: chrome, browserVersion: 80.0.3987.149, chrome: {chromedriverVersion: 80.0.3987.106 (f68069574609..., userDataDir: C:\Users\Bojan\AppData\Loca...}, goog:chromeOptions: {debuggerAddress: localhost:59953}, javascriptEnabled: true, networkConnectionEnabled: false, pageLoadStrategy: normal, platform: WINDOWS, platformName: WINDOWS, proxy: Proxy(), setWindowRect: true, strictFileInteractability: false, timeouts: {implicit: 0, pageLoad: 300000, script: 30000}, unhandledPromptBehavior: dismiss and notify}
Session ID: 38fd4abbf0530a98d073d7d8532c9c2e
*** Element info: {Using=xpath, value=//input[@id='customer_firstname']}]]>
            </message>
            <full-stacktrace>
              <![CDATA[org.openqa.selenium.NoSuchElementException: no such element: Unable to locate element: {"method":"xpath","selector":"//input[@id='customer_firstname']"}
  (Session info: chrome=80.0.3987.149)
For documentation on this error, please visit: https://www.seleniumhq.org/exceptions/no_such_element.html
Build info: version: '3.141.59', revision: 'e82be7d358', time: '2018-11-14T08:25:48'
System info: host: 'BOJANJOCI', ip: '192.168.1.4', os.name: 'Windows 10', os.arch: 'amd64', os.version: '10.0', java.version: '1.8.0_241'
Driver info: org.openqa.selenium.chrome.ChromeDriver
Capabilities {acceptInsecureCerts: false, browserName: chrome, browserVersion: 80.0.3987.149, chrome: {chromedriverVersion: 80.0.3987.106 (f68069574609..., userDataDir: C:\Users\Bojan\AppData\Loca...}, goog:chromeOptions: {debuggerAddress: localhost:59953}, javascriptEnabled: true, networkConnectionEnabled: false, pageLoadStrategy: normal, platform: WINDOWS, platformName: WINDOWS, proxy: Proxy(), setWindowRect: true, strictFileInteractability: false, timeouts: {implicit: 0, pageLoad: 300000, script: 30000}, unhandledPromptBehavior: dismiss and notify}
Session ID: 38fd4abbf0530a98d073d7d8532c9c2e
*** Element info: {Using=xpath, value=//input[@id='customer_firstname']}
at sun.reflect.NativeConstructorAccessorImpl.newInstance0(Native Method)
at sun.reflect.NativeConstructorAccessorImpl.newInstance(Unknown Source)
at sun.reflect.DelegatingConstructorAccessorImpl.newInstance(Unknown Source)
at java.lang.reflect.Constructor.newInstance(Unknown Source)
at org.openqa.selenium.remote.http.W3CHttpResponseCodec.createException(W3CHttpResponseCodec.java:187)
at org.openqa.selenium.remote.http.W3CHttpResponseCodec.decode(W3CHttpResponseCodec.java:122)
at org.openqa.selenium.remote.http.W3CHttpResponseCodec.decode(W3CHttpResponseCodec.java:49)
at org.openqa.selenium.remote.HttpCommandExecutor.execute(HttpCommandExecutor.java:158)
at org.openqa.selenium.remote.service.DriverCommandExecutor.execute(DriverCommandExecutor.java:83)
at org.openqa.selenium.remote.RemoteWebDriver.execute(RemoteWebDriver.java:552)
at org.openqa.selenium.remote.RemoteWebDriver.findElement(RemoteWebDriver.java:323)
at org.openqa.selenium.remote.RemoteWebDriver.findElementByXPath(RemoteWebDriver.java:428)
at org.openqa.selenium.By$ByXPath.findElement(By.java:353)
at org.openqa.selenium.remote.RemoteWebDriver.findElement(RemoteWebDriver.java:315)
at pageobjects.CreateAccountPo.getFirstName(CreateAccountPo.java:28)
at pageobjects.CreateAccountPo.setFirstName(CreateAccountPo.java:80)
at pageobjects.CreateAccountPo.createAccountAutomatically(CreateAccountPo.java:157)
at pagetests.AutomaticCreateAccountTest.createNewAccountAutomatically(AutomaticCreateAccountTest.java:32)
at sun.reflect.NativeMethodAccessorImpl.invoke0(Native Method)
at sun.reflect.NativeMethodAccessorImpl.invoke(Unknown Source)
at sun.reflect.DelegatingMethodAccessorImpl.invoke(Unknown Source)
at java.lang.reflect.Method.invoke(Unknown Source)
at org.testng.internal.MethodInvocationHelper.invokeMethod(MethodInvocationHelper.java:135)
at org.testng.internal.TestInvoker.invokeMethod(TestInvoker.java:598)
at org.testng.internal.TestInvoker.invokeTestMethod(TestInvoker.java:174)
at org.testng.internal.MethodRunner.runInSequence(MethodRunner.java:46)
at org.testng.internal.TestInvoker$MethodInvocationAgent.invoke(TestInvoker.java:821)
at org.testng.internal.TestInvoker.invokeTestMethods(TestInvoker.java:147)
at org.testng.internal.TestMethodWorker.invokeTestMethods(TestMethodWorker.java:146)
at org.testng.internal.TestMethodWorker.run(TestMethodWorker.java:128)
at java.util.ArrayList.forEach(Unknown Source)
at org.testng.TestRunner.privateRun(TestRunner.java:767)
at org.testng.TestRunner.run(TestRunner.java:588)
at org.testng.SuiteRunner.runTest(SuiteRunner.java:384)
at org.testng.SuiteRunner.runSequentially(SuiteRunner.java:378)
at org.testng.SuiteRunner.privateRun(SuiteRunner.java:337)
at org.testng.SuiteRunner.run(SuiteRunner.java:286)
at org.testng.SuiteRunnerWorker.runSuite(SuiteRunnerWorker.java:53)
at org.testng.SuiteRunnerWorker.run(SuiteRunnerWorker.java:96)
at org.testng.TestNG.runSuitesSequentially(TestNG.java:1214)
at org.testng.TestNG.runSuitesLocally(TestNG.java:1136)
at org.testng.TestNG.runSuites(TestNG.java:1066)
at org.testng.TestNG.run(TestNG.java:1034)
at org.testng.remote.AbstractRemoteTestNG.run(AbstractRemoteTestNG.java:115)
at org.testng.remote.RemoteTestNG.initAndRun(RemoteTestNG.java:251)
at org.testng.remote.RemoteTestNG.main(RemoteTestNG.java:77)
]]>
            </full-stacktrace>
          </exception> <!-- org.openqa.selenium.NoSuchElementException -->
          <reporter-output>
          </reporter-output>
        </test-method> <!-- createNewAccountAutomatically -->
        <test-method status="PASS" signature="end()[pri:0, instance:pagetests.AutomaticCreateAccountTest@42d8062c]" name="end" is-config="true" duration-ms="136" started-at="2020-04-03T13:13:40 CEST" finished-at="2020-04-03T13:13:40 CEST">
          <reporter-output>
          </reporter-output>
        </test-method> <!-- end -->
      </class> <!-- pagetests.AutomaticCreateAccountTest -->
    </test> <!-- Create Account Tests -->
    <test name="Log in tests" duration-ms="189310" started-at="2020-04-03T13:13:40 CEST" finished-at="2020-04-03T13:16:49 CEST">
      <class name="pagetests.AutomaticLogInTest">
        <test-method status="PASS" signature="setUp()[pri:0, instance:pagetests.AutomaticLogInTest@4923ab24]" name="setUp" is-config="true" duration-ms="5163" started-at="2020-04-03T13:13:56 CEST" finished-at="2020-04-03T13:14:02 CEST">
          <reporter-output>
          </reporter-output>
        </test-method> <!-- setUp -->
        <test-method status="PASS" signature="logInUser()[pri:0, instance:pagetests.AutomaticLogInTest@4923ab24]" name="logInUser" duration-ms="167512" started-at="2020-04-03T13:14:02 CEST" finished-at="2020-04-03T13:16:49 CEST">
          <reporter-output>
          </reporter-output>
        </test-method> <!-- logInUser -->
        <test-method status="PASS" signature="end()[pri:0, instance:pagetests.AutomaticLogInTest@4923ab24]" name="end" is-config="true" duration-ms="77" started-at="2020-04-03T13:16:49 CEST" finished-at="2020-04-03T13:16:49 CEST">
          <reporter-output>
          </reporter-output>
        </test-method> <!-- end -->
      </class> <!-- pagetests.AutomaticLogInTest -->
      <class name="pagetests.ManualLogInTest">
        <test-method status="PASS" signature="setUp()[pri:0, instance:pagetests.ManualLogInTest@670b40af]" name="setUp" is-config="true" duration-ms="5503" started-at="2020-04-03T13:13:40 CEST" finished-at="2020-04-03T13:13:45 CEST">
          <reporter-output>
          </reporter-output>
        </test-method> <!-- setUp -->
        <test-method status="PASS" signature="logInUser()[pri:0, instance:pagetests.ManualLogInTest@670b40af]" name="logInUser" duration-ms="8685" started-at="2020-04-03T13:13:45 CEST" finished-at="2020-04-03T13:13:54 CEST">
          <reporter-output>
          </reporter-output>
        </test-method> <!-- logInUser -->
        <test-method status="PASS" signature="signOut()[pri:0, instance:pagetests.ManualLogInTest@670b40af]" name="signOut" is-config="true" duration-ms="2261" started-at="2020-04-03T13:13:54 CEST" finished-at="2020-04-03T13:13:56 CEST">
          <reporter-output>
          </reporter-output>
        </test-method> <!-- signOut -->
        <test-method status="PASS" signature="end()[pri:0, instance:pagetests.ManualLogInTest@670b40af]" name="end" is-config="true" duration-ms="105" started-at="2020-04-03T13:13:56 CEST" finished-at="2020-04-03T13:13:56 CEST">
          <reporter-output>
          </reporter-output>
        </test-method> <!-- end -->
      </class> <!-- pagetests.ManualLogInTest -->
    </test> <!-- Log in tests -->
  </suite> <!-- PageTest -->
</testng-results>
